18:14:51 **** Incremental Build of configuration Debug for project Collision_Avoidance ****
make all 
Building file: ../LIB/RTOS/RTOS.c
Invoking: AVR Compiler
avr-gcc -Wall -g2 -gstabs -O0 -fpack-struct -fshort-enums -ffunction-sections -fdata-sections -std=gnu99 -funsigned-char -funsigned-bitfields -mmcu=atmega32 -DF_CPU=8000000UL -MMD -MP -MF"LIB/RTOS/RTOS.d" -MT"LIB/RTOS/RTOS.o" -c -o "LIB/RTOS/RTOS.o" "../LIB/RTOS/RTOS.c"
../LIB/RTOS/RTOS.c: In function 'RTOS_set_priority':
../LIB/RTOS/RTOS.c:87: warning: passing argument 1 of 'strcpy' makes pointer from integer without a cast
../LIB/RTOS/RTOS.c:87: warning: passing argument 2 of 'strcpy' makes pointer from integer without a cast
Finished building: ../LIB/RTOS/RTOS.c
 
Building file: ../main.c
Invoking: AVR Compiler
avr-gcc -Wall -g2 -gstabs -O0 -fpack-struct -fshort-enums -ffunction-sections -fdata-sections -std=gnu99 -funsigned-char -funsigned-bitfields -mmcu=atmega32 -DF_CPU=8000000UL -MMD -MP -MF"main.d" -MT"main.o" -c -o "main.o" "../main.c"
In file included from ../main.c:9:
d:/iti_es_basics/softwares/01- imt sdk/imt_sdk_win_64/winavr/lib/gcc/../../avr/include/util/delay.h:90:3: warning: #warning "Compiler optimizations disabled; functions from <util/delay.h> won't work as designed"
../main.c: In function 'main':
../main.c:91: warning: large integer implicitly truncated to unsigned type
../main.c: In function 'Task_LCD':
../main.c:157: warning: pointer targets in passing argument 1 of 'LCD_voidSendString' differ in signedness
../main.c:161: warning: pointer targets in passing argument 1 of 'LCD_voidSendString' differ in signedness
../main.c:169: warning: pointer targets in passing argument 1 of 'LCD_voidSendString' differ in signedness
../main.c:171: warning: pointer targets in passing argument 1 of 'LCD_voidSendString' differ in signedness
../main.c:173: warning: pointer targets in passing argument 1 of 'LCD_voidSendString' differ in signedness
../main.c:175: warning: pointer targets in passing argument 1 of 'LCD_voidSendString' differ in signedness
../main.c:177: warning: pointer targets in passing argument 1 of 'LCD_voidSendString' differ in signedness
../main.c:182: warning: pointer targets in passing argument 1 of 'LCD_voidSendString' differ in signedness
Finished building: ../main.c
 
Building target: Collision_Avoidance.elf
Invoking: AVR C Linker
avr-gcc -Wl,-Map,Collision_Avoidance.map -mmcu=atmega32 -o "Collision_Avoidance.elf"  ./MCAL/TIMER0/TIM0.o  ./MCAL/ICU/ICU.o  ./MCAL/DIO/DIO.o  ./LIB/RTOS/RTOS.o ./LIB/RTOS/TIM2.o  ./HAL/UltraSonic/Ultrasonic.o  ./HAL/LCD/LCD.o  ./HAL/DCMotor/DCMotor.o  ./.metadata/.plugins/org.eclipse.cdt.make.core/specs.o  ./main.o   
Finished building target: Collision_Avoidance.elf
 
Invoking: AVR Create Extended Listing
avr-objdump -h -S Collision_Avoidance.elf  >"Collision_Avoidance.lss"
Finished building: Collision_Avoidance.lss
 
Create Flash image (ihex format)
avr-objcopy -R .eeprom -R .fuse -R .lock -R .signature -O ihex Collision_Avoidance.elf  "Collision_Avoidance.hex"
Finished building: Collision_Avoidance.hex
 
Invoking: Print Size
avr-size --format=avr --mcu=atmega32 Collision_Avoidance.elf
AVR Memory Usage
----------------
Device: atmega32

Program:   15542 bytes (47.4% Full)
(.text + .data + .bootloader)

Data:        565 bytes (27.6% Full)
(.data + .bss + .noinit)


Finished building: sizedummy
 

18:14:51 Build Finished (took 721ms)

